[debug] [2026-07-07T02:03:07.334Z] ----------------------------------------------------------------------
[debug] [2026-07-07T02:03:07.336Z] Command:       /opt/homebrew/Cellar/node/25.2.1/bin/node /opt/homebrew/bin/firebase emulators:start --only functions
[debug] [2026-07-07T02:03:07.336Z] CLI Version:   15.22.4
[debug] [2026-07-07T02:03:07.336Z] Platform:      darwin
[debug] [2026-07-07T02:03:07.336Z] Node Version:  v25.2.1
[debug] [2026-07-07T02:03:07.336Z] Detected Agent: unknown
[debug] [2026-07-07T02:03:07.336Z] Time:          Mon Jul 06 2026 22:03:07 GMT-0400 (Eastern Daylight Time)
[debug] [2026-07-07T02:03:07.336Z] ----------------------------------------------------------------------
[debug] 
[debug] [2026-07-07T02:03:07.337Z] >>> [apiv2][query] GET https://firebase-public.firebaseio.com/cli.json [none]
[debug] [2026-07-07T02:03:08.118Z] > command requires scopes: ["email","openid","https://www.googleapis.com/auth/cloudplatformprojects.readonly","https://www.googleapis.com/auth/firebase","https://www.googleapis.com/auth/cloud-platform"]
[debug] [2026-07-07T02:03:08.118Z] > authorizing via signed-in user (richardcwebdev@gmail.com)
[info] i  emulators: Starting emulators: functions {"metadata":{"emulator":{"name":"hub"},"message":"Starting emulators: functions"}}
[debug] [2026-07-07T02:03:08.343Z] [logging] Logging Emulator only supports listening on one address (127.0.0.1). Not listening on ::1
[debug] [2026-07-07T02:03:08.343Z] assigned listening specs for emulators {"user":{"hub":[{"address":"127.0.0.1","family":"IPv4","port":4400},{"address":"::1","family":"IPv6","port":4400}],"ui":[{"address":"127.0.0.1","family":"IPv4","port":4000},{"address":"::1","family":"IPv6","port":4000}],"logging":[{"address":"127.0.0.1","family":"IPv4","port":4500}]},"metadata":{"message":"assigned listening specs for emulators"}}
[debug] [2026-07-07T02:03:08.345Z] Write emulator hub locator at /var/folders/tt/q5pj7hg904zghhpkbx4pmddm0000gn/T/hub-dream-closet-4d254.json
[debug] [2026-07-07T02:03:08.563Z] [functions] Functions Emulator only supports listening on one address (127.0.0.1). Not listening on ::1
[debug] [2026-07-07T02:03:08.564Z] [eventarc] Eventarc Emulator only supports listening on one address (127.0.0.1). Not listening on ::1
[debug] [2026-07-07T02:03:08.564Z] [tasks] Cloud Tasks Emulator only supports listening on one address (127.0.0.1). Not listening on ::1
[debug] [2026-07-07T02:03:08.564Z] late-assigned ports for functions and eventarc emulators {"user":{"hub":[{"address":"127.0.0.1","family":"IPv4","port":4400},{"address":"::1","family":"IPv6","port":4400}],"ui":[{"address":"127.0.0.1","family":"IPv4","port":4000},{"address":"::1","family":"IPv6","port":4000}],"logging":[{"address":"127.0.0.1","family":"IPv4","port":4500}],"functions":[{"address":"127.0.0.1","family":"IPv4","port":5001}],"eventarc":[{"address":"127.0.0.1","family":"IPv4","port":9299}],"tasks":[{"address":"127.0.0.1","family":"IPv4","port":9499}]},"metadata":{"message":"late-assigned ports for functions and eventarc emulators"}}
[warn] ⚠  functions: The following emulators are not running, calls to these services from the Functions emulator will affect production: apphosting, auth, firestore, database, hosting, pubsub, storage, dataconnect {"metadata":{"emulator":{"name":"functions"},"message":"The following emulators are not running, calls to these services from the Functions emulator will affect production: \u001b[1mapphosting, auth, firestore, database, hosting, pubsub, storage, dataconnect\u001b[22m"}}
[debug] [2026-07-07T02:03:08.567Z] defaultcredentials: writing to file /Users/sixthsense/.config/firebase/richardcwebdev_gmail_com_application_default_credentials.json
[debug] [2026-07-07T02:03:08.570Z] Setting GAC to /Users/sixthsense/.config/firebase/richardcwebdev_gmail_com_application_default_credentials.json {"metadata":{"emulator":{"name":"functions"},"message":"Setting GAC to /Users/sixthsense/.config/firebase/richardcwebdev_gmail_com_application_default_credentials.json"}}
[debug] [2026-07-07T02:03:08.570Z] Checked if tokens are valid: false, expires at: 1783015708252
[debug] [2026-07-07T02:03:08.570Z] Checked if tokens are valid: false, expires at: 1783015708252
[debug] [2026-07-07T02:03:08.570Z] > refreshing access token with scopes: []
[debug] [2026-07-07T02:03:08.571Z] >>> [apiv2][query] POST https://www.googleapis.com/oauth2/v3/token [none]
[debug] [2026-07-07T02:03:08.571Z] >>> [apiv2][body] POST https://www.googleapis.com/oauth2/v3/token [omitted]
[debug] [2026-07-07T02:03:08.671Z] <<< [apiv2][status] GET https://firebase-public.firebaseio.com/cli.json 200
[debug] [2026-07-07T02:03:08.671Z] <<< [apiv2][body] GET https://firebase-public.firebaseio.com/cli.json {"cloudBuildErrorAfter":1594252800000,"cloudBuildWarnAfter":1590019200000,"defaultNode10After":1594252800000,"minVersion":"3.0.5","node8DeploysDisabledAfter":1613390400000,"node8RuntimeDisabledAfter":1615809600000,"node8WarnAfter":1600128000000}
[debug] [2026-07-07T02:03:08.709Z] <<< [apiv2][status] POST https://www.googleapis.com/oauth2/v3/token 200
[debug] [2026-07-07T02:03:08.709Z] <<< [apiv2][body] POST https://www.googleapis.com/oauth2/v3/token [omitted]
[debug] [2026-07-07T02:03:08.718Z] >>> [apiv2][query] GET https://firebase.googleapis.com/v1beta1/projects/dream-closet-4d254/adminSdkConfig [none]
[debug] [2026-07-07T02:03:09.058Z] <<< [apiv2][status] GET https://firebase.googleapis.com/v1beta1/projects/dream-closet-4d254/adminSdkConfig 200
[debug] [2026-07-07T02:03:09.059Z] <<< [apiv2][body] GET https://firebase.googleapis.com/v1beta1/projects/dream-closet-4d254/adminSdkConfig {"projectId":"dream-closet-4d254","storageBucket":"dream-closet-4d254.firebasestorage.app"}
[info] i  functions: Watching "/Users/sixthsense/Desktop/Code/WebsitesInDevelopment/dream-closet/functions" for Cloud Functions... {"metadata":{"emulator":{"name":"functions"},"message":"Watching \"/Users/sixthsense/Desktop/Code/WebsitesInDevelopment/dream-closet/functions\" for Cloud Functions..."}}
[debug] [2026-07-07T02:03:09.084Z] Validating nodejs source
[warn] ⚠  functions: package.json indicates an outdated version of firebase-functions. Please upgrade using npm install --save firebase-functions@latest in your functions directory. 
[warn] ⚠  functions: Please note that there will be breaking changes when you upgrade. 
[debug] [2026-07-07T02:03:09.658Z] > [functions] package.json contents: {
  "name": "functions",
  "description": "Cloud Functions for Firebase",
  "scripts": {
    "lint": "eslint .",
    "serve": "firebase emulators:start --only functions",
    "shell": "firebase functions:shell",
    "start": "npm run shell",
    "deploy": "firebase deploy --only functions",
    "logs": "firebase functions:log"
  },
  "engines": {
    "node": "20"
  },
  "main": "index.js",
  "dependencies": {
    "axios": "^1.16.1",
    "firebase-admin": "^12.6.0",
    "firebase-functions": "^6.0.1"
  },
  "devDependencies": {
    "eslint": "^8.15.0",
    "eslint-config-google": "^0.14.0",
    "firebase-functions-test": "^3.1.0"
  },
  "private": true
}
[debug] [2026-07-07T02:03:09.658Z] Building nodejs source
[debug] [2026-07-07T02:03:09.658Z] Failed to find version of module node: reached end of search path /Users/sixthsense/Desktop/Code/WebsitesInDevelopment/dream-closet/functions/node_modules
[warn] ⚠  functions: Your requested "node" version "20" doesn't match your global version "25". Using node@25 from host. 
[debug] [2026-07-07T02:03:09.659Z] Could not find functions.yaml. Must use http discovery
[debug] [2026-07-07T02:03:09.662Z] Found firebase-functions binary at '/Users/sixthsense/Desktop/Code/WebsitesInDevelopment/dream-closet/functions/node_modules/.bin/firebase-functions'
[info] Serving at port 8988

[error] /Users/sixthsense/Desktop/Code/WebsitesInDevelopment/dream-closet/functions/index.js:848
        .collection('user)
                    ^^^^^^

SyntaxError: Invalid or unexpected token
    at wrapSafe (node:internal/modules/cjs/loader:1691:18)
    at Module._compile (node:internal/modules/cjs/loader:1734:20)
    at Module._extensions..js (node:internal/modules/cjs/loader:1892:10)
    at Module.load (node:internal/modules/cjs/loader:1480:32)
    at Module._load (node:internal/modules/cjs/loader:1299:12)
    at TracingChannel.traceSync (node:diagnostics_channel:328:14)
    at wrapModuleLoad (node:internal/modules/cjs/loader:245:24)
    at Module.require (node:internal/modules/cjs/loader:1503:12)
    at require (node:internal/modules/helpers:152:16)
    at loadModule (/Users/sixthsense/Desktop/Code/WebsitesInDevelopment/dream-closet/functions/node_modules/firebase-functions/lib/runtime/loader.js:40:16)

[debug] [2026-07-07T02:03:09.858Z] Got response code 400; body Failed to generate manifest from function source: Invalid or unexpected token
[error] ⬢  functions: Failed to load function definition from source: FirebaseError: Functions codebase could not be analyzed successfully. It may have a syntax or runtime error {"metadata":{"emulator":{"name":"functions"},"message":"Failed to load function definition from source: FirebaseError: Functions codebase could not be analyzed successfully. It may have a syntax or runtime error"}}
[debug] [2026-07-07T02:03:13.884Z] Could not find VSCode notification endpoint: FetchError: request to http://localhost:40001/vscode/notify failed, reason: . If you are not running the Firebase SQL Connect VSCode extension, this is expected and not an issue.
[info] 
┌─────────────────────────────────────────────────────────────┐
│ ✔  All emulators ready! It is now safe to connect your app. │
│ i  View Emulator UI at http://127.0.0.1:4000/               │
└─────────────────────────────────────────────────────────────┘

┌───────────┬────────────────┬─────────────────────────────────┐
│ Emulator  │ Host:Port      │ View in Emulator UI             │
├───────────┼────────────────┼─────────────────────────────────┤
│ Functions │ 127.0.0.1:5001 │ http://127.0.0.1:4000/functions │
└───────────┴────────────────┴─────────────────────────────────┘
  Emulator Hub host: 127.0.0.1 port: 4400
  Other reserved ports: 4500

Issues? Report them at https://github.com/firebase/firebase-tools/issues and attach the *-debug.log files.
 
[debug] [2026-07-07T02:25:31.998Z] Functions emulator received unknown request at path /
[debug] [2026-07-07T02:25:32.006Z] Functions emulator received unknown request at path /
[debug] [2026-07-07T02:25:32.107Z] Functions emulator received unknown request at path /
[debug] [2026-07-07T02:25:32.118Z] Functions emulator received unknown request at path /
[debug] [2026-07-07T02:25:32.168Z] Functions emulator received unknown request at path /
[debug] [2026-07-07T02:25:32.192Z] Functions emulator received unknown request at path /
[debug] [2026-07-07T04:31:07.493Z] File /Users/sixthsense/Desktop/Code/WebsitesInDevelopment/dream-closet/functions/deleteAccount.js changed, reloading triggers {"metadata":{"emulator":{"name":"functions"},"message":"File /Users/sixthsense/Desktop/Code/WebsitesInDevelopment/dream-closet/functions/deleteAccount.js changed, reloading triggers"}}
[debug] [2026-07-07T04:31:08.496Z] Validating nodejs source
[warn] ⚠  functions: package.json indicates an outdated version of firebase-functions. Please upgrade using npm install --save firebase-functions@latest in your functions directory. 
[warn] ⚠  functions: Please note that there will be breaking changes when you upgrade. 
[debug] [2026-07-07T04:31:09.043Z] > [functions] package.json contents: {
  "name": "functions",
  "description": "Cloud Functions for Firebase",
  "scripts": {
    "lint": "eslint .",
    "serve": "firebase emulators:start --only functions",
    "shell": "firebase functions:shell",
    "start": "npm run shell",
    "deploy": "firebase deploy --only functions",
    "logs": "firebase functions:log"
  },
  "engines": {
    "node": "20"
  },
  "main": "index.js",
  "dependencies": {
    "axios": "^1.16.1",
    "firebase-admin": "^12.6.0",
    "firebase-functions": "^6.0.1"
  },
  "devDependencies": {
    "eslint": "^8.15.0",
    "eslint-config-google": "^0.14.0",
    "firebase-functions-test": "^3.1.0"
  },
  "private": true
}
[debug] [2026-07-07T04:31:09.044Z] Building nodejs source
[debug] [2026-07-07T04:31:09.044Z] Failed to find version of module node: reached end of search path /Users/sixthsense/Desktop/Code/WebsitesInDevelopment/dream-closet/functions/node_modules
[warn] ⚠  functions: Your requested "node" version "20" doesn't match your global version "25". Using node@25 from host. 
[debug] [2026-07-07T04:31:09.044Z] Could not find functions.yaml. Must use http discovery
[debug] [2026-07-07T04:31:09.046Z] Found firebase-functions binary at '/Users/sixthsense/Desktop/Code/WebsitesInDevelopment/dream-closet/functions/node_modules/.bin/firebase-functions'
[info] Serving at port 8422

[error] /Users/sixthsense/Desktop/Code/WebsitesInDevelopment/dream-closet/functions/index.js:848
        .collection('user)
                    ^^^^^^

SyntaxError: Invalid or unexpected token
    at wrapSafe (node:internal/modules/cjs/loader:1691:18)
    at Module._compile (node:internal/modules/cjs/loader:1734:20)
    at Module._extensions..js (node:internal/modules/cjs/loader:1892:10)
    at Module.load (node:internal/modules/cjs/loader:1480:32)
    at Module._load (node:internal/modules/cjs/loader:1299:12)
    at TracingChannel.traceSync (node:diagnostics_channel:328:14)
    at wrapModuleLoad (node:internal/modules/cjs/loader:245:24)
    at Module.require (node:internal/modules/cjs/loader:1503:12)
    at require (node:internal/modules/helpers:152:16)
    at loadModule (/Users/sixthsense/Desktop/Code/WebsitesInDevelopment/dream-closet/functions/node_modules/firebase-functions/lib/runtime/loader.js:40:16)

[debug] [2026-07-07T04:31:09.233Z] Got response code 400; body Failed to generate manifest from function source: Invalid or unexpected token
[error] ⬢  functions: Failed to load function definition from source: FirebaseError: Functions codebase could not be analyzed successfully. It may have a syntax or runtime error {"metadata":{"emulator":{"name":"functions"},"message":"Failed to load function definition from source: FirebaseError: Functions codebase could not be analyzed successfully. It may have a syntax or runtime error"}}
